{"/home/ch/projects/development/parc/index.js": {"path":"/home/ch/projects/development/parc/index.js","statementMap":{"0":{"start":{"line":1,"column":12},"end":{"line":4,"column":46}},"1":{"start":{"line":1,"column":17},"end":{"line":4,"column":46}},"2":{"start":{"line":2,"column":2},"end":{"line":4,"column":46}},"3":{"start":{"line":6,"column":11},"end":{"line":9,"column":1}},"4":{"start":{"line":6,"column":21},"end":{"line":9,"column":1}},"5":{"start":{"line":7,"column":11},"end":{"line":7,"column":15}},"6":{"start":{"line":8,"column":2},"end":{"line":8,"column":26}},"7":{"start":{"line":11,"column":12},"end":{"line":17,"column":1}},"8":{"start":{"line":11,"column":22},"end":{"line":17,"column":1}},"9":{"start":{"line":12,"column":11},"end":{"line":12,"column":15}},"10":{"start":{"line":13,"column":2},"end":{"line":13,"column":23}},"11":{"start":{"line":13,"column":14},"end":{"line":13,"column":23}},"12":{"start":{"line":14,"column":11},"end":{"line":14,"column":31}},"13":{"start":{"line":15,"column":2},"end":{"line":16,"column":77}},"14":{"start":{"line":19,"column":13},"end":{"line":23,"column":1}},"15":{"start":{"line":19,"column":22},"end":{"line":23,"column":1}},"16":{"start":{"line":19,"column":32},"end":{"line":23,"column":1}},"17":{"start":{"line":20,"column":30},"end":{"line":20,"column":42}},"18":{"start":{"line":21,"column":2},"end":{"line":22,"column":35}},"19":{"start":{"line":25,"column":13},"end":{"line":25,"column":20}},"20":{"start":{"line":26,"column":13},"end":{"line":26,"column":20}},"21":{"start":{"line":28,"column":16},"end":{"line":28,"column":48}},"22":{"start":{"line":28,"column":29},"end":{"line":28,"column":48}},"23":{"start":{"line":30,"column":13},"end":{"line":34,"column":1}},"24":{"start":{"line":30,"column":18},"end":{"line":34,"column":1}},"25":{"start":{"line":30,"column":23},"end":{"line":34,"column":1}},"26":{"start":{"line":31,"column":30},"end":{"line":31,"column":34}},"27":{"start":{"line":32,"column":2},"end":{"line":33,"column":35}},"28":{"start":{"line":36,"column":16},"end":{"line":40,"column":8}},"29":{"start":{"line":37,"column":2},"end":{"line":40,"column":8}},"30":{"start":{"line":39,"column":27},"end":{"line":39,"column":43}},"31":{"start":{"line":42,"column":12},"end":{"line":46,"column":10}},"32":{"start":{"line":43,"column":2},"end":{"line":46,"column":10}},"33":{"start":{"line":48,"column":13},"end":{"line":55,"column":1}},"34":{"start":{"line":48,"column":18},"end":{"line":55,"column":1}},"35":{"start":{"line":49,"column":14},"end":{"line":49,"column":15}},"36":{"start":{"line":50,"column":12},"end":{"line":50,"column":14}},"37":{"start":{"line":51,"column":2},"end":{"line":53,"column":3}},"38":{"start":{"line":51,"column":16},"end":{"line":51,"column":20}},"39":{"start":{"line":52,"column":4},"end":{"line":52,"column":22}},"40":{"start":{"line":54,"column":2},"end":{"line":54,"column":41}},"41":{"start":{"line":58,"column":14},"end":{"line":58,"column":53}},"42":{"start":{"line":58,"column":29},"end":{"line":58,"column":42}},"43":{"start":{"line":58,"column":43},"end":{"line":58,"column":51}},"44":{"start":{"line":59,"column":14},"end":{"line":59,"column":71}},"45":{"start":{"line":59,"column":19},"end":{"line":59,"column":71}},"46":{"start":{"line":59,"column":24},"end":{"line":59,"column":71}},"47":{"start":{"line":59,"column":61},"end":{"line":59,"column":70}},"48":{"start":{"line":61,"column":15},"end":{"line":65,"column":1}},"49":{"start":{"line":62,"column":10},"end":{"line":62,"column":29}},"50":{"start":{"line":63,"column":2},"end":{"line":64,"column":55}},"51":{"start":{"line":67,"column":17},"end":{"line":67,"column":46}},"52":{"start":{"line":67,"column":22},"end":{"line":67,"column":46}},"53":{"start":{"line":67,"column":32},"end":{"line":67,"column":42}},"54":{"start":{"line":69,"column":16},"end":{"line":69,"column":38}},"55":{"start":{"line":70,"column":17},"end":{"line":70,"column":40}},"56":{"start":{"line":72,"column":14},"end":{"line":73,"column":65}},"57":{"start":{"line":73,"column":2},"end":{"line":73,"column":65}},"58":{"start":{"line":75,"column":15},"end":{"line":78,"column":46}},"59":{"start":{"line":75,"column":20},"end":{"line":78,"column":46}},"60":{"start":{"line":76,"column":2},"end":{"line":78,"column":46}},"61":{"start":{"line":80,"column":0},"end":{"line":80,"column":41}},"62":{"start":{"line":80,"column":17},"end":{"line":80,"column":41}},"63":{"start":{"line":81,"column":0},"end":{"line":81,"column":43}},"64":{"start":{"line":81,"column":18},"end":{"line":81,"column":43}},"65":{"start":{"line":83,"column":0},"end":{"line":83,"column":43}},"66":{"start":{"line":83,"column":18},"end":{"line":83,"column":43}},"67":{"start":{"line":84,"column":0},"end":{"line":84,"column":45}},"68":{"start":{"line":84,"column":19},"end":{"line":84,"column":45}},"69":{"start":{"line":86,"column":0},"end":{"line":89,"column":1}}},"fnMap":{"0":{"name":"(anonymous_0)","decl":{"start":{"line":1,"column":12},"end":{"line":1,"column":13}},"loc":{"start":{"line":1,"column":17},"end":{"line":4,"column":46}},"line":1},"1":{"name":"(anonymous_1)","decl":{"start":{"line":1,"column":17},"end":{"line":1,"column":18}},"loc":{"start":{"line":2,"column":2},"end":{"line":4,"column":46}},"line":2},"2":{"name":"(anonymous_2)","decl":{"start":{"line":6,"column":11},"end":{"line":6,"column":12}},"loc":{"start":{"line":6,"column":21},"end":{"line":9,"column":1}},"line":6},"3":{"name":"(anonymous_3)","decl":{"start":{"line":6,"column":21},"end":{"line":6,"column":22}},"loc":{"start":{"line":6,"column":26},"end":{"line":9,"column":1}},"line":6},"4":{"name":"(anonymous_4)","decl":{"start":{"line":11,"column":12},"end":{"line":11,"column":13}},"loc":{"start":{"line":11,"column":22},"end":{"line":17,"column":1}},"line":11},"5":{"name":"(anonymous_5)","decl":{"start":{"line":11,"column":22},"end":{"line":11,"column":23}},"loc":{"start":{"line":11,"column":27},"end":{"line":17,"column":1}},"line":11},"6":{"name":"(anonymous_6)","decl":{"start":{"line":19,"column":13},"end":{"line":19,"column":14}},"loc":{"start":{"line":19,"column":22},"end":{"line":23,"column":1}},"line":19},"7":{"name":"(anonymous_7)","decl":{"start":{"line":19,"column":22},"end":{"line":19,"column":23}},"loc":{"start":{"line":19,"column":32},"end":{"line":23,"column":1}},"line":19},"8":{"name":"(anonymous_8)","decl":{"start":{"line":19,"column":32},"end":{"line":19,"column":33}},"loc":{"start":{"line":19,"column":37},"end":{"line":23,"column":1}},"line":19},"9":{"name":"(anonymous_9)","decl":{"start":{"line":28,"column":16},"end":{"line":28,"column":17}},"loc":{"start":{"line":28,"column":29},"end":{"line":28,"column":48}},"line":28},"10":{"name":"(anonymous_10)","decl":{"start":{"line":30,"column":13},"end":{"line":30,"column":14}},"loc":{"start":{"line":30,"column":18},"end":{"line":34,"column":1}},"line":30},"11":{"name":"(anonymous_11)","decl":{"start":{"line":30,"column":18},"end":{"line":30,"column":19}},"loc":{"start":{"line":30,"column":23},"end":{"line":34,"column":1}},"line":30},"12":{"name":"(anonymous_12)","decl":{"start":{"line":30,"column":23},"end":{"line":30,"column":24}},"loc":{"start":{"line":30,"column":28},"end":{"line":34,"column":1}},"line":30},"13":{"name":"(anonymous_13)","decl":{"start":{"line":36,"column":16},"end":{"line":36,"column":17}},"loc":{"start":{"line":37,"column":2},"end":{"line":40,"column":8}},"line":37},"14":{"name":"(anonymous_14)","decl":{"start":{"line":39,"column":15},"end":{"line":39,"column":16}},"loc":{"start":{"line":39,"column":27},"end":{"line":39,"column":43}},"line":39},"15":{"name":"(anonymous_15)","decl":{"start":{"line":42,"column":12},"end":{"line":42,"column":13}},"loc":{"start":{"line":43,"column":2},"end":{"line":46,"column":10}},"line":43},"16":{"name":"(anonymous_16)","decl":{"start":{"line":48,"column":13},"end":{"line":48,"column":14}},"loc":{"start":{"line":48,"column":18},"end":{"line":55,"column":1}},"line":48},"17":{"name":"(anonymous_17)","decl":{"start":{"line":48,"column":18},"end":{"line":48,"column":19}},"loc":{"start":{"line":48,"column":23},"end":{"line":55,"column":1}},"line":48},"18":{"name":"(anonymous_18)","decl":{"start":{"line":58,"column":14},"end":{"line":58,"column":15}},"loc":{"start":{"line":58,"column":27},"end":{"line":58,"column":53}},"line":58},"19":{"name":"(anonymous_19)","decl":{"start":{"line":59,"column":14},"end":{"line":59,"column":15}},"loc":{"start":{"line":59,"column":19},"end":{"line":59,"column":71}},"line":59},"20":{"name":"(anonymous_20)","decl":{"start":{"line":59,"column":19},"end":{"line":59,"column":20}},"loc":{"start":{"line":59,"column":24},"end":{"line":59,"column":71}},"line":59},"21":{"name":"(anonymous_21)","decl":{"start":{"line":59,"column":48},"end":{"line":59,"column":49}},"loc":{"start":{"line":59,"column":61},"end":{"line":59,"column":70}},"line":59},"22":{"name":"(anonymous_22)","decl":{"start":{"line":61,"column":15},"end":{"line":61,"column":16}},"loc":{"start":{"line":61,"column":20},"end":{"line":65,"column":1}},"line":61},"23":{"name":"(anonymous_23)","decl":{"start":{"line":67,"column":17},"end":{"line":67,"column":18}},"loc":{"start":{"line":67,"column":22},"end":{"line":67,"column":46}},"line":67},"24":{"name":"(anonymous_24)","decl":{"start":{"line":67,"column":27},"end":{"line":67,"column":28}},"loc":{"start":{"line":67,"column":32},"end":{"line":67,"column":42}},"line":67},"25":{"name":"(anonymous_25)","decl":{"start":{"line":72,"column":14},"end":{"line":72,"column":15}},"loc":{"start":{"line":73,"column":2},"end":{"line":73,"column":65}},"line":73},"26":{"name":"(anonymous_26)","decl":{"start":{"line":75,"column":15},"end":{"line":75,"column":16}},"loc":{"start":{"line":75,"column":20},"end":{"line":78,"column":46}},"line":75},"27":{"name":"(anonymous_27)","decl":{"start":{"line":75,"column":20},"end":{"line":75,"column":21}},"loc":{"start":{"line":76,"column":2},"end":{"line":78,"column":46}},"line":76},"28":{"name":"(anonymous_28)","decl":{"start":{"line":80,"column":12},"end":{"line":80,"column":13}},"loc":{"start":{"line":80,"column":17},"end":{"line":80,"column":41}},"line":80},"29":{"name":"(anonymous_29)","decl":{"start":{"line":81,"column":13},"end":{"line":81,"column":14}},"loc":{"start":{"line":81,"column":18},"end":{"line":81,"column":43}},"line":81},"30":{"name":"(anonymous_30)","decl":{"start":{"line":83,"column":13},"end":{"line":83,"column":14}},"loc":{"start":{"line":83,"column":18},"end":{"line":83,"column":43}},"line":83},"31":{"name":"(anonymous_31)","decl":{"start":{"line":84,"column":14},"end":{"line":84,"column":15}},"loc":{"start":{"line":84,"column":19},"end":{"line":84,"column":45}},"line":84}},"branchMap":{"0":{"loc":{"start":{"line":2,"column":2},"end":{"line":4,"column":46}},"type":"cond-expr","locations":[{"start":{"line":3,"column":4},"end":{"line":3,"column":37}},{"start":{"line":4,"column":4},"end":{"line":4,"column":46}}],"line":2},"1":{"loc":{"start":{"line":8,"column":9},"end":{"line":8,"column":26}},"type":"cond-expr","locations":[{"start":{"line":8,"column":17},"end":{"line":8,"column":19}},{"start":{"line":8,"column":22},"end":{"line":8,"column":26}}],"line":8},"2":{"loc":{"start":{"line":13,"column":2},"end":{"line":13,"column":23}},"type":"if","locations":[{"start":{"line":13,"column":2},"end":{"line":13,"column":23}},{"start":{"line":13,"column":2},"end":{"line":13,"column":23}}],"line":13},"3":{"loc":{"start":{"line":15,"column":9},"end":{"line":16,"column":77}},"type":"cond-expr","locations":[{"start":{"line":15,"column":17},"end":{"line":15,"column":91}},{"start":{"line":16,"column":17},"end":{"line":16,"column":77}}],"line":15},"4":{"loc":{"start":{"line":21,"column":9},"end":{"line":22,"column":35}},"type":"cond-expr","locations":[{"start":{"line":21,"column":14},"end":{"line":21,"column":50}},{"start":{"line":22,"column":14},"end":{"line":22,"column":35}}],"line":21},"5":{"loc":{"start":{"line":32,"column":9},"end":{"line":33,"column":35}},"type":"cond-expr","locations":[{"start":{"line":32,"column":14},"end":{"line":32,"column":46}},{"start":{"line":33,"column":14},"end":{"line":33,"column":35}}],"line":32},"6":{"loc":{"start":{"line":37,"column":2},"end":{"line":40,"column":8}},"type":"cond-expr","locations":[{"start":{"line":37,"column":26},"end":{"line":37,"column":27}},{"start":{"line":38,"column":4},"end":{"line":40,"column":8}}],"line":37},"7":{"loc":{"start":{"line":38,"column":4},"end":{"line":40,"column":8}},"type":"cond-expr","locations":[{"start":{"line":39,"column":6},"end":{"line":39,"column":48}},{"start":{"line":40,"column":6},"end":{"line":40,"column":8}}],"line":38},"8":{"loc":{"start":{"line":43,"column":2},"end":{"line":46,"column":10}},"type":"cond-expr","locations":[{"start":{"line":44,"column":4},"end":{"line":45,"column":79}},{"start":{"line":46,"column":4},"end":{"line":46,"column":10}}],"line":43},"9":{"loc":{"start":{"line":63,"column":9},"end":{"line":64,"column":55}},"type":"cond-expr","locations":[{"start":{"line":63,"column":13},"end":{"line":63,"column":49}},{"start":{"line":64,"column":13},"end":{"line":64,"column":55}}],"line":63},"10":{"loc":{"start":{"line":73,"column":3},"end":{"line":73,"column":44}},"type":"cond-expr","locations":[{"start":{"line":73,"column":29},"end":{"line":73,"column":30}},{"start":{"line":73,"column":33},"end":{"line":73,"column":44}}],"line":73},"11":{"loc":{"start":{"line":76,"column":2},"end":{"line":78,"column":46}},"type":"cond-expr","locations":[{"start":{"line":77,"column":4},"end":{"line":77,"column":47}},{"start":{"line":78,"column":4},"end":{"line":78,"column":46}}],"line":76},"12":{"loc":{"start":{"line":76,"column":3},"end":{"line":76,"column":44}},"type":"cond-expr","locations":[{"start":{"line":76,"column":29},"end":{"line":76,"column":30}},{"start":{"line":76,"column":33},"end":{"line":76,"column":44}}],"line":76}},"s":{"0":1,"1":17,"2":16,"3":1,"4":1,"5":1,"6":1,"7":1,"8":8,"9":8,"10":8,"11":0,"12":8,"13":8,"14":1,"15":3,"16":5,"17":5,"18":5,"19":1,"20":1,"21":1,"22":1,"23":1,"24":3,"25":3,"26":1,"27":1,"28":1,"29":5,"30":4,"31":1,"32":1,"33":1,"34":1,"35":0,"36":0,"37":0,"38":0,"39":0,"40":0,"41":1,"42":0,"43":0,"44":1,"45":1,"46":0,"47":0,"48":1,"49":0,"50":0,"51":1,"52":2,"53":0,"54":1,"55":1,"56":1,"57":0,"58":1,"59":0,"60":0,"61":1,"62":0,"63":1,"64":0,"65":1,"66":0,"67":1,"68":0,"69":1},"f":{"0":17,"1":16,"2":1,"3":1,"4":8,"5":8,"6":3,"7":5,"8":5,"9":1,"10":3,"11":3,"12":1,"13":5,"14":4,"15":1,"16":1,"17":0,"18":0,"19":1,"20":0,"21":0,"22":0,"23":2,"24":0,"25":0,"26":0,"27":0,"28":0,"29":0,"30":0,"31":0},"b":{"0":[16,0],"1":[1,0],"2":[0,8],"3":[8,0],"4":[5,0],"5":[1,0],"6":[3,2],"7":[2,0],"8":[1,0],"9":[0,0],"10":[0,0],"11":[0,0],"12":[0,0]},"_coverageSchema":"43e27e138ebf9cfc5966b082cf9a028302ed4184","hash":"cc906c0d39a772a4b52453cbf3892da7bd3bf500"}
}
