TN:
SF:/home/ch/projects/development/parc/index.js
FN:1,(anonymous_0)
FN:1,(anonymous_1)
FN:6,(anonymous_2)
FN:6,(anonymous_3)
FN:11,(anonymous_4)
FN:11,(anonymous_5)
FN:19,(anonymous_6)
FN:19,(anonymous_7)
FN:19,(anonymous_8)
FN:28,(anonymous_9)
FN:30,(anonymous_10)
FN:30,(anonymous_11)
FN:30,(anonymous_12)
FN:36,(anonymous_13)
FN:39,(anonymous_14)
FN:42,(anonymous_15)
FN:48,(anonymous_16)
FN:48,(anonymous_17)
FN:58,(anonymous_18)
FN:59,(anonymous_19)
FN:59,(anonymous_20)
FN:59,(anonymous_21)
FN:61,(anonymous_22)
FN:67,(anonymous_23)
FN:67,(anonymous_24)
FN:72,(anonymous_25)
FN:75,(anonymous_26)
FN:75,(anonymous_27)
FN:80,(anonymous_28)
FN:81,(anonymous_29)
FN:83,(anonymous_30)
FN:84,(anonymous_31)
FNF:32
FNH:19
FNDA:17,(anonymous_0)
FNDA:16,(anonymous_1)
FNDA:1,(anonymous_2)
FNDA:1,(anonymous_3)
FNDA:8,(anonymous_4)
FNDA:8,(anonymous_5)
FNDA:3,(anonymous_6)
FNDA:5,(anonymous_7)
FNDA:5,(anonymous_8)
FNDA:1,(anonymous_9)
FNDA:3,(anonymous_10)
FNDA:3,(anonymous_11)
FNDA:1,(anonymous_12)
FNDA:5,(anonymous_13)
FNDA:4,(anonymous_14)
FNDA:1,(anonymous_15)
FNDA:1,(anonymous_16)
FNDA:0,(anonymous_17)
FNDA:0,(anonymous_18)
FNDA:1,(anonymous_19)
FNDA:0,(anonymous_20)
FNDA:0,(anonymous_21)
FNDA:0,(anonymous_22)
FNDA:2,(anonymous_23)
FNDA:0,(anonymous_24)
FNDA:0,(anonymous_25)
FNDA:0,(anonymous_26)
FNDA:0,(anonymous_27)
FNDA:0,(anonymous_28)
FNDA:0,(anonymous_29)
FNDA:0,(anonymous_30)
FNDA:0,(anonymous_31)
DA:1,17
DA:2,16
DA:6,1
DA:7,1
DA:8,1
DA:11,8
DA:12,8
DA:13,8
DA:14,8
DA:15,8
DA:19,5
DA:20,5
DA:21,5
DA:25,1
DA:26,1
DA:28,1
DA:30,3
DA:31,1
DA:32,1
DA:36,1
DA:37,5
DA:39,4
DA:42,1
DA:43,1
DA:48,1
DA:49,0
DA:50,0
DA:51,0
DA:52,0
DA:54,0
DA:58,1
DA:59,1
DA:61,1
DA:62,0
DA:63,0
DA:67,2
DA:69,1
DA:70,1
DA:72,1
DA:73,0
DA:75,1
DA:76,0
DA:80,1
DA:81,1
DA:83,1
DA:84,1
DA:86,1
LF:47
LH:38
BRDA:2,0,0,16
BRDA:2,0,1,0
BRDA:8,1,0,1
BRDA:8,1,1,0
BRDA:13,2,0,0
BRDA:13,2,1,8
BRDA:15,3,0,8
BRDA:15,3,1,0
BRDA:21,4,0,5
BRDA:21,4,1,0
BRDA:32,5,0,1
BRDA:32,5,1,0
BRDA:37,6,0,3
BRDA:37,6,1,2
BRDA:38,7,0,2
BRDA:38,7,1,0
BRDA:43,8,0,1
BRDA:43,8,1,0
BRDA:63,9,0,0
BRDA:63,9,1,0
BRDA:73,10,0,0
BRDA:73,10,1,0
BRDA:76,11,0,0
BRDA:76,11,1,0
BRDA:76,12,0,0
BRDA:76,12,1,0
BRF:26
BRH:10
end_of_record
